This file contains any messages produced by compilers while
running configure, to aid debugging if configure makes a mistake.

configure:624: checking for ar
configure:656: checking for ranlib
configure:711: checking host system type
configure:732: checking target system type
configure:750: checking build system type
configure:800: checking for gcc
configure:877: checking whether the C compiler (gcc  ) works
configure:891: gcc -o conftest    conftest.c  1>&5
configure:888:1: warning: return type defaults to 'int' [-Wimplicit-int]
 main(){return(0);}
 ^~~~
configure:911: checking whether the C compiler (gcc  ) is a cross-compiler
configure:916: checking whether we are using GNU C
configure:925: gcc -E conftest.c
configure:940: checking whether gcc accepts -g
configure:1004: checking for a BSD compatible install
configure:1185: checking how to run the C preprocessor
configure:1206: gcc -E  conftest.c >/dev/null 2>conftest.out
configure:1246: checking for ANSI C header files
configure:1259: gcc -E  conftest.c >/dev/null 2>conftest.out
configure:1326: gcc -o conftest -g -O3   conftest.c  1>&5
configure: In function 'main':
configure:1321:67: warning: implicit declaration of function 'exit' [-Wimplicit-function-declaration]
 if (XOR (islower (i), ISLOWER (i)) || toupper (i) != TOUPPER (i)) exit(2);
                                                                   ^~~~
configure:1321:67: warning: incompatible implicit declaration of built-in function 'exit'
configure:1321:67: note: include '<stdlib.h>' or provide a declaration of 'exit'
configure:1322:1: warning: incompatible implicit declaration of built-in function 'exit'
 exit (0); }
 ^~~~
configure:1322:1: note: include '<stdlib.h>' or provide a declaration of 'exit'
configure:1352: checking for sys/wait.h that is POSIX.1 compatible
configure:1373: gcc -c -g -O3  conftest.c 1>&5
configure:1399: checking for sys/file.h
configure:1409: gcc -E  conftest.c >/dev/null 2>conftest.out
configure:1399: checking for sys/stat.h
configure:1409: gcc -E  conftest.c >/dev/null 2>conftest.out
configure:1399: checking for unistd.h
configure:1409: gcc -E  conftest.c >/dev/null 2>conftest.out
configure:1399: checking for errno.h
configure:1409: gcc -E  conftest.c >/dev/null 2>conftest.out
configure:1399: checking for assert.h
configure:1409: gcc -E  conftest.c >/dev/null 2>conftest.out
configure:1399: checking for sys/wait.h
configure:1399: checking for pwd.h
configure:1409: gcc -E  conftest.c >/dev/null 2>conftest.out
configure:1399: checking for sys/types.h
configure:1409: gcc -E  conftest.c >/dev/null 2>conftest.out
configure:1399: checking for sys/times.h
configure:1409: gcc -E  conftest.c >/dev/null 2>conftest.out
configure:1399: checking for sys/time.h
configure:1409: gcc -E  conftest.c >/dev/null 2>conftest.out
configure:1399: checking for sys/resource.h
configure:1409: gcc -E  conftest.c >/dev/null 2>conftest.out
configure:1446: checking for stdarg.h
configure:1456: gcc -E  conftest.c >/dev/null 2>conftest.out
configure:1446: checking for varargs.h
configure:1456: gcc -E  conftest.c >/dev/null 2>conftest.out
In file included from configure:1452:0:
/usr/lib/gcc/x86_64-pc-linux-gnu/7.2.1/include/varargs.h:4:2: error: #error "GCC no longer implements <varargs.h>."
 #error "GCC no longer implements <varargs.h>."
  ^~~~~
/usr/lib/gcc/x86_64-pc-linux-gnu/7.2.1/include/varargs.h:5:2: error: #error "Revise your code to use <stdarg.h>."
 #error "Revise your code to use <stdarg.h>."
  ^~~~~
configure: failed program was:
#line 1451 "configure"
#include "confdefs.h"
#include <varargs.h>
configure:1490: checking for working const
configure:1544: gcc -c -g -O3  conftest.c 1>&5
configure:1569: checking size of void *
configure:1588: gcc -o conftest -g -O3   conftest.c  1>&5
configure:1579:1: warning: return type defaults to 'int' [-Wimplicit-int]
 main()
 ^~~~
configure: In function 'main':
configure:1582:11: warning: implicit declaration of function 'exit' [-Wimplicit-function-declaration]
   if (!f) exit(1);
           ^~~~
configure:1582:11: warning: incompatible implicit declaration of built-in function 'exit'
configure:1582:11: note: include '<stdlib.h>' or provide a declaration of 'exit'
configure:1584:3: warning: incompatible implicit declaration of built-in function 'exit'
   exit(0);
   ^~~~
configure:1584:3: note: include '<stdlib.h>' or provide a declaration of 'exit'
configure:1609: checking size of int
configure:1628: gcc -o conftest -g -O3   conftest.c  1>&5
configure:1619:1: warning: return type defaults to 'int' [-Wimplicit-int]
 main()
 ^~~~
configure: In function 'main':
configure:1622:11: warning: implicit declaration of function 'exit' [-Wimplicit-function-declaration]
   if (!f) exit(1);
           ^~~~
configure:1622:11: warning: incompatible implicit declaration of built-in function 'exit'
configure:1622:11: note: include '<stdlib.h>' or provide a declaration of 'exit'
configure:1624:3: warning: incompatible implicit declaration of built-in function 'exit'
   exit(0);
   ^~~~
configure:1624:3: note: include '<stdlib.h>' or provide a declaration of 'exit'
configure:1651: checking for +Infinity (IEEE 754 floating point)
configure:1670: gcc -o conftest -g -O3   conftest.c  1>&5
configure:1662:1: warning: return type defaults to 'int' [-Wimplicit-int]
 main()
 ^~~~
configure: In function 'main':
configure:1664:63: warning: implicit declaration of function 'exit' [-Wimplicit-function-declaration]
     if (HUGE_VAL != HUGE_VAL * 3 || HUGE_VAL != HUGE_VAL / 3) exit(1);
                                                               ^~~~
configure:1664:63: warning: incompatible implicit declaration of built-in function 'exit'
configure:1664:63: note: include '<stdlib.h>' or provide a declaration of 'exit'
configure:1665:5: warning: incompatible implicit declaration of built-in function 'exit'
     exit(0);
     ^~~~
configure:1665:5: note: include '<stdlib.h>' or provide a declaration of 'exit'
configure:1702: checking the size of the virtual memory system's page
configure:1727: gcc -o conftest -g -O3   conftest.c  1>&5
configure:1718:1: warning: return type defaults to 'int' [-Wimplicit-int]
 main() {
 ^~~~
configure: In function 'main':
configure:1720:20: warning: implicit declaration of function 'exit' [-Wimplicit-function-declaration]
   if ( f == NULL ) exit(1);
                    ^~~~
configure:1720:20: warning: incompatible implicit declaration of built-in function 'exit'
configure:1720:20: note: include '<stdlib.h>' or provide a declaration of 'exit'
configure:1722:3: warning: incompatible implicit declaration of built-in function 'exit'
   exit(0);
   ^~~~
configure:1722:3: note: include '<stdlib.h>' or provide a declaration of 'exit'
configure:1798: checking for 8-bit clean memcmp
configure:1816: gcc -o conftest -g -O3   conftest.c  1>&5
configure:1808:1: warning: return type defaults to 'int' [-Wimplicit-int]
 main()
 ^~~~
configure: In function 'main':
configure:1811:3: warning: implicit declaration of function 'exit' [-Wimplicit-function-declaration]
   exit(memcmp(&c0, &c2, 1) < 0 && memcmp(&c1, &c2, 1) < 0 ? 0 : 1);
   ^~~~
configure:1811:3: warning: incompatible implicit declaration of built-in function 'exit'
configure:1811:3: note: include '<stdlib.h>' or provide a declaration of 'exit'
configure:1811:8: warning: implicit declaration of function 'memcmp' [-Wimplicit-function-declaration]
   exit(memcmp(&c0, &c2, 1) < 0 && memcmp(&c1, &c2, 1) < 0 ? 0 : 1);
        ^~~~~~
configure:1837: checking return type of signal handlers
configure:1859: gcc -c -g -O3  conftest.c 1>&5
configure:1880: checking for working strcoll
configure:1898: gcc -o conftest -g -O3   conftest.c  1>&5
configure:1890:1: warning: return type defaults to 'int' [-Wimplicit-int]
 main ()
 ^~~~
configure: In function 'main':
configure:1892:3: warning: implicit declaration of function 'exit' [-Wimplicit-function-declaration]
   exit (strcoll ("abc", "def") >= 0 ||
   ^~~~
configure:1892:3: warning: incompatible implicit declaration of built-in function 'exit'
configure:1892:3: note: include '<stdlib.h>' or provide a declaration of 'exit'
configure:1924: checking for pid_t
configure:1958: checking for vfork.h
configure:1968: gcc -E  conftest.c >/dev/null 2>conftest.out
configure:1964:10: fatal error: vfork.h: No such file or directory
 #include <vfork.h>
          ^~~~~~~~~
compilation terminated.
configure: failed program was:
#line 1963 "configure"
#include "confdefs.h"
#include <vfork.h>
configure:1993: checking for working vfork
configure:2143: gcc -o conftest -g -O3   conftest.c  1>&5
configure:2069:1: warning: return type defaults to 'int' [-Wimplicit-int]
 sparc_address_test (arg) int arg;
 ^~~~~~~~~~~~~~~~~~
configure:2086:1: warning: return type defaults to 'int' [-Wimplicit-int]
 main() {
 ^~~~
configure: In function 'main':
configure:2124:12: warning: implicit declaration of function 'wait'; did you mean 'main'? [-Wimplicit-function-declaration]
     while (wait(&status) != child)
            ^~~~
            main
configure:2126:5: warning: implicit declaration of function 'exit' [-Wimplicit-function-declaration]
     exit(
     ^~~~
configure:2126:5: warning: incompatible implicit declaration of built-in function 'exit'
configure:2126:5: note: include '<stdlib.h>' or provide a declaration of 'exit'
configure:2170: checking for sysconf
configure:2198: gcc -o conftest -g -O3   conftest.c  1>&5
configure:2170: checking for gethostname
configure:2198: gcc -o conftest -g -O3   conftest.c  1>&5
configure:2170: checking for strcspn
configure:2198: gcc -o conftest -g -O3   conftest.c  1>&5
configure:2182:6: warning: conflicting types for built-in function 'strcspn' [-Wbuiltin-declaration-mismatch]
 char $ac_func();
      ^~~~~~~
configure:2170: checking for strerror
configure:2198: gcc -o conftest -g -O3   conftest.c  1>&5
configure:2170: checking for strspn
configure:2198: gcc -o conftest -g -O3   conftest.c  1>&5
configure:2182:6: warning: conflicting types for built-in function 'strspn' [-Wbuiltin-declaration-mismatch]
 char $ac_func();
      ^~~~~~
configure:2170: checking for strstr
configure:2198: gcc -o conftest -g -O3   conftest.c  1>&5
configure:2182:6: warning: conflicting types for built-in function 'strstr' [-Wbuiltin-declaration-mismatch]
 char $ac_func();
      ^~~~~~
configure:2170: checking for getenv
configure:2198: gcc -o conftest -g -O3   conftest.c  1>&5
configure:2170: checking for strchr
configure:2198: gcc -o conftest -g -O3   conftest.c  1>&5
configure:2182:6: warning: conflicting types for built-in function 'strchr' [-Wbuiltin-declaration-mismatch]
 char $ac_func();
      ^~~~~~
configure:2170: checking for getrlimit
configure:2198: gcc -o conftest -g -O3   conftest.c  1>&5
configure:2170: checking for getrusage
configure:2198: gcc -o conftest -g -O3   conftest.c  1>&5
configure:2170: checking for valloc
configure:2198: gcc -o conftest -g -O3   conftest.c  1>&5
